<?xml version="1.0" encoding="UTF-8"?>
<robot generator="Robot 6.0.2 (Python 3.9.13 on win32)" generated="20230125 16:04:21.085" rpa="false" schemaversion="3">
<suite id="s1" name="Add Employee Test" source="C:\orange_automation\2__employee_suite\01__add_employee_test.robot">
<test id="s1-t1" name="TC1" line="13">
<kw name="Launch Browser And Navigate To Url" library="common_functionalities" type="SETUP">
<kw name="Open Browser" library="SeleniumLibrary">
<arg>browser=${BROWSER_NAME}</arg>
<doc>Opens a new browser instance to the optional ``url``.</doc>
<msg timestamp="20230125 16:04:22.632" level="INFO">Opening browser 'chrome' to base url 'None'.</msg>
<status status="PASS" starttime="20230125 16:04:22.632" endtime="20230125 16:04:24.613"/>
</kw>
<kw name="Maximize Browser Window" library="SeleniumLibrary">
<doc>Maximizes current browser window.</doc>
<status status="PASS" starttime="20230125 16:04:24.613" endtime="20230125 16:04:24.753"/>
</kw>
<kw name="Set Selenium Implicit Wait" library="SeleniumLibrary">
<arg>20s</arg>
<doc>Sets the implicit wait value used by Selenium.</doc>
<status status="PASS" starttime="20230125 16:04:24.754" endtime="20230125 16:04:24.762"/>
</kw>
<kw name="Go To" library="SeleniumLibrary">
<arg>${URL}</arg>
<doc>Navigates the current browser window to the provided ``url``.</doc>
<msg timestamp="20230125 16:04:24.768" level="INFO">Opening url 'https://opensource-demo.orangehrmlive.com/'</msg>
<status status="PASS" starttime="20230125 16:04:24.766" endtime="20230125 16:04:30.469"/>
</kw>
<status status="PASS" starttime="20230125 16:04:22.611" endtime="20230125 16:04:30.469"/>
</kw>
<kw name="Add Valid Employee Template">
<arg>Admin</arg>
<arg>admin123</arg>
<arg>John</arg>
<arg>j</arg>
<arg>ken</arg>
<arg>John ken</arg>
<arg>John</arg>
<kw name="Input Text" library="SeleniumLibrary">
<arg>name=username</arg>
<arg>${username}</arg>
<doc>Types the given ``text`` into the text field identified by ``locator``.</doc>
<msg timestamp="20230125 16:04:30.469" level="INFO">Typing text 'Admin' into text field 'name=username'.</msg>
<status status="PASS" starttime="20230125 16:04:30.469" endtime="20230125 16:04:31.506"/>
</kw>
<kw name="Input Password" library="SeleniumLibrary">
<arg>name=password</arg>
<arg>${password}</arg>
<doc>Types the given password into the text field identified by ``locator``.</doc>
<msg timestamp="20230125 16:04:31.506" level="INFO">Typing password into text field 'name=password'.</msg>
<msg timestamp="20230125 16:04:31.562" level="INFO">Temporally setting log level to: NONE</msg>
<msg timestamp="20230125 16:04:31.651" level="INFO">Log level changed from NONE to INFO.</msg>
<status status="PASS" starttime="20230125 16:04:31.506" endtime="20230125 16:04:31.651"/>
</kw>
<kw name="Click Element" library="SeleniumLibrary">
<arg>xpath=//*[@type='submit']</arg>
<doc>Click the element identified by ``locator``.</doc>
<msg timestamp="20230125 16:04:31.651" level="INFO">Clicking element 'xpath=//*[@type='submit']'.</msg>
<status status="PASS" starttime="20230125 16:04:31.651" endtime="20230125 16:04:32.992"/>
</kw>
<kw name="Click Element" library="SeleniumLibrary">
<arg>xpath=//span[contains(normalize-space(),'PIM')]</arg>
<doc>Click the element identified by ``locator``.</doc>
<msg timestamp="20230125 16:04:32.992" level="INFO">Clicking element 'xpath=//span[contains(normalize-space(),'PIM')]'.</msg>
<status status="PASS" starttime="20230125 16:04:32.992" endtime="20230125 16:04:35.204"/>
</kw>
<kw name="Click Element" library="SeleniumLibrary">
<arg>partial link=Add Employee</arg>
<doc>Click the element identified by ``locator``.</doc>
<msg timestamp="20230125 16:04:35.204" level="INFO">Clicking element 'partial link=Add Employee'.</msg>
<status status="PASS" starttime="20230125 16:04:35.204" endtime="20230125 16:04:37.143"/>
</kw>
<kw name="Input Text" library="SeleniumLibrary">
<arg>name=firstName</arg>
<arg>${first_name}</arg>
<doc>Types the given ``text`` into the text field identified by ``locator``.</doc>
<msg timestamp="20230125 16:04:37.143" level="INFO">Typing text 'John' into text field 'name=firstName'.</msg>
<status status="PASS" starttime="20230125 16:04:37.143" endtime="20230125 16:04:37.617"/>
</kw>
<kw name="Input Text" library="SeleniumLibrary">
<arg>name=middleName</arg>
<arg>${middle_name}</arg>
<doc>Types the given ``text`` into the text field identified by ``locator``.</doc>
<msg timestamp="20230125 16:04:37.619" level="INFO">Typing text 'j' into text field 'name=middleName'.</msg>
<status status="PASS" starttime="20230125 16:04:37.619" endtime="20230125 16:04:37.734"/>
</kw>
<kw name="Input Text" library="SeleniumLibrary">
<arg>name=lastName</arg>
<arg>${last_name}</arg>
<doc>Types the given ``text`` into the text field identified by ``locator``.</doc>
<msg timestamp="20230125 16:04:37.734" level="INFO">Typing text 'ken' into text field 'name=lastName'.</msg>
<status status="PASS" starttime="20230125 16:04:37.734" endtime="20230125 16:04:37.862"/>
</kw>
<kw name="Sleep" library="BuiltIn">
<arg>5s</arg>
<doc>Pauses the test executed for the given time.</doc>
<msg timestamp="20230125 16:04:42.878" level="INFO">Slept 5 seconds</msg>
<status status="PASS" starttime="20230125 16:04:37.862" endtime="20230125 16:04:42.879"/>
</kw>
<kw name="Click Element" library="SeleniumLibrary">
<arg>xpath=//*[@type='submit']</arg>
<doc>Click the element identified by ``locator``.</doc>
<msg timestamp="20230125 16:04:42.879" level="INFO">Clicking element 'xpath=//*[@type='submit']'.</msg>
<status status="PASS" starttime="20230125 16:04:42.879" endtime="20230125 16:04:42.968"/>
</kw>
<kw name="Element Should Contain" library="SeleniumLibrary">
<arg>xpath=//h6[contains(normalize-space(),'${first_name}')]</arg>
<arg>${expected_1}</arg>
<doc>Verifies that element ``locator`` contains text ``expected``.</doc>
<msg timestamp="20230125 16:04:48.429" level="INFO">Element 'xpath=//h6[contains(normalize-space(),'John')]' contains text 'John ken'.</msg>
<status status="PASS" starttime="20230125 16:04:42.968" endtime="20230125 16:04:48.429"/>
</kw>
<kw name="Element Attribute Value Should Be" library="SeleniumLibrary">
<arg>name=firstName</arg>
<arg>value</arg>
<arg>${expected_2}</arg>
<doc>Verifies element identified by ``locator`` contains expected attribute value.</doc>
<msg timestamp="20230125 16:04:48.460" level="INFO">Element 'name=firstName' attribute 'value' contains value 'John'.</msg>
<status status="PASS" starttime="20230125 16:04:48.429" endtime="20230125 16:04:48.460"/>
</kw>
<status status="PASS" starttime="20230125 16:04:30.469" endtime="20230125 16:04:48.469"/>
</kw>
<kw name="Close Browser" library="SeleniumLibrary" type="TEARDOWN">
<doc>Closes the current browser.</doc>
<status status="PASS" starttime="20230125 16:04:48.469" endtime="20230125 16:04:50.699"/>
</kw>
<status status="PASS" starttime="20230125 16:04:22.611" endtime="20230125 16:04:50.699"/>
</test>
<test id="s1-t2" name="TC1" line="13">
<kw name="Launch Browser And Navigate To Url" library="common_functionalities" type="SETUP">
<kw name="Open Browser" library="SeleniumLibrary">
<arg>browser=${BROWSER_NAME}</arg>
<doc>Opens a new browser instance to the optional ``url``.</doc>
<msg timestamp="20230125 16:04:50.699" level="INFO">Opening browser 'chrome' to base url 'None'.</msg>
<status status="PASS" starttime="20230125 16:04:50.699" endtime="20230125 16:04:52.663"/>
</kw>
<kw name="Maximize Browser Window" library="SeleniumLibrary">
<doc>Maximizes current browser window.</doc>
<status status="PASS" starttime="20230125 16:04:52.664" endtime="20230125 16:04:52.816"/>
</kw>
<kw name="Set Selenium Implicit Wait" library="SeleniumLibrary">
<arg>20s</arg>
<doc>Sets the implicit wait value used by Selenium.</doc>
<status status="PASS" starttime="20230125 16:04:52.816" endtime="20230125 16:04:52.822"/>
</kw>
<kw name="Go To" library="SeleniumLibrary">
<arg>${URL}</arg>
<doc>Navigates the current browser window to the provided ``url``.</doc>
<msg timestamp="20230125 16:04:52.822" level="INFO">Opening url 'https://opensource-demo.orangehrmlive.com/'</msg>
<status status="PASS" starttime="20230125 16:04:52.822" endtime="20230125 16:05:01.834"/>
</kw>
<status status="PASS" starttime="20230125 16:04:50.699" endtime="20230125 16:05:01.834"/>
</kw>
<kw name="Add Valid Employee Template">
<arg>Admin</arg>
<arg>admin123</arg>
<arg>Jack</arg>
<arg>j</arg>
<arg>sen</arg>
<arg>Jack sen</arg>
<arg>Jack</arg>
<kw name="Input Text" library="SeleniumLibrary">
<arg>name=username</arg>
<arg>${username}</arg>
<doc>Types the given ``text`` into the text field identified by ``locator``.</doc>
<msg timestamp="20230125 16:05:01.834" level="INFO">Typing text 'Admin' into text field 'name=username'.</msg>
<status status="PASS" starttime="20230125 16:05:01.834" endtime="20230125 16:05:02.974"/>
</kw>
<kw name="Input Password" library="SeleniumLibrary">
<arg>name=password</arg>
<arg>${password}</arg>
<doc>Types the given password into the text field identified by ``locator``.</doc>
<msg timestamp="20230125 16:05:02.974" level="INFO">Typing password into text field 'name=password'.</msg>
<msg timestamp="20230125 16:05:03.032" level="INFO">Temporally setting log level to: NONE</msg>
<msg timestamp="20230125 16:05:03.114" level="INFO">Log level changed from NONE to INFO.</msg>
<status status="PASS" starttime="20230125 16:05:02.974" endtime="20230125 16:05:03.114"/>
</kw>
<kw name="Click Element" library="SeleniumLibrary">
<arg>xpath=//*[@type='submit']</arg>
<doc>Click the element identified by ``locator``.</doc>
<msg timestamp="20230125 16:05:03.114" level="INFO">Clicking element 'xpath=//*[@type='submit']'.</msg>
<status status="PASS" starttime="20230125 16:05:03.114" endtime="20230125 16:05:04.734"/>
</kw>
<kw name="Click Element" library="SeleniumLibrary">
<arg>xpath=//span[contains(normalize-space(),'PIM')]</arg>
<doc>Click the element identified by ``locator``.</doc>
<msg timestamp="20230125 16:05:04.737" level="INFO">Clicking element 'xpath=//span[contains(normalize-space(),'PIM')]'.</msg>
<status status="PASS" starttime="20230125 16:05:04.737" endtime="20230125 16:05:06.590"/>
</kw>
<kw name="Click Element" library="SeleniumLibrary">
<arg>partial link=Add Employee</arg>
<doc>Click the element identified by ``locator``.</doc>
<msg timestamp="20230125 16:05:06.590" level="INFO">Clicking element 'partial link=Add Employee'.</msg>
<status status="PASS" starttime="20230125 16:05:06.590" endtime="20230125 16:05:08.791"/>
</kw>
<kw name="Input Text" library="SeleniumLibrary">
<arg>name=firstName</arg>
<arg>${first_name}</arg>
<doc>Types the given ``text`` into the text field identified by ``locator``.</doc>
<msg timestamp="20230125 16:05:08.791" level="INFO">Typing text 'Jack' into text field 'name=firstName'.</msg>
<status status="PASS" starttime="20230125 16:05:08.791" endtime="20230125 16:05:10.789"/>
</kw>
<kw name="Input Text" library="SeleniumLibrary">
<arg>name=middleName</arg>
<arg>${middle_name}</arg>
<doc>Types the given ``text`` into the text field identified by ``locator``.</doc>
<msg timestamp="20230125 16:05:10.792" level="INFO">Typing text 'j' into text field 'name=middleName'.</msg>
<status status="PASS" starttime="20230125 16:05:10.789" endtime="20230125 16:05:10.917"/>
</kw>
<kw name="Input Text" library="SeleniumLibrary">
<arg>name=lastName</arg>
<arg>${last_name}</arg>
<doc>Types the given ``text`` into the text field identified by ``locator``.</doc>
<msg timestamp="20230125 16:05:10.919" level="INFO">Typing text 'sen' into text field 'name=lastName'.</msg>
<status status="PASS" starttime="20230125 16:05:10.917" endtime="20230125 16:05:11.058"/>
</kw>
<kw name="Sleep" library="BuiltIn">
<arg>5s</arg>
<doc>Pauses the test executed for the given time.</doc>
<msg timestamp="20230125 16:05:16.074" level="INFO">Slept 5 seconds</msg>
<status status="PASS" starttime="20230125 16:05:11.058" endtime="20230125 16:05:16.074"/>
</kw>
<kw name="Click Element" library="SeleniumLibrary">
<arg>xpath=//*[@type='submit']</arg>
<doc>Click the element identified by ``locator``.</doc>
<msg timestamp="20230125 16:05:16.074" level="INFO">Clicking element 'xpath=//*[@type='submit']'.</msg>
<status status="PASS" starttime="20230125 16:05:16.074" endtime="20230125 16:05:16.161"/>
</kw>
<kw name="Element Should Contain" library="SeleniumLibrary">
<arg>xpath=//h6[contains(normalize-space(),'${first_name}')]</arg>
<arg>${expected_1}</arg>
<doc>Verifies that element ``locator`` contains text ``expected``.</doc>
<msg timestamp="20230125 16:05:23.741" level="INFO">Element 'xpath=//h6[contains(normalize-space(),'Jack')]' contains text 'Jack sen'.</msg>
<status status="PASS" starttime="20230125 16:05:16.162" endtime="20230125 16:05:23.741"/>
</kw>
<kw name="Element Attribute Value Should Be" library="SeleniumLibrary">
<arg>name=firstName</arg>
<arg>value</arg>
<arg>${expected_2}</arg>
<doc>Verifies element identified by ``locator`` contains expected attribute value.</doc>
<msg timestamp="20230125 16:05:23.781" level="INFO">Element 'name=firstName' attribute 'value' contains value 'Jack'.</msg>
<status status="PASS" starttime="20230125 16:05:23.741" endtime="20230125 16:05:23.781"/>
</kw>
<status status="PASS" starttime="20230125 16:05:01.834" endtime="20230125 16:05:23.781"/>
</kw>
<kw name="Close Browser" library="SeleniumLibrary" type="TEARDOWN">
<doc>Closes the current browser.</doc>
<status status="PASS" starttime="20230125 16:05:23.781" endtime="20230125 16:05:26.003"/>
</kw>
<status status="PASS" starttime="20230125 16:04:50.699" endtime="20230125 16:05:26.003"/>
</test>
<doc>This file contains test cases related to valid employee</doc>
<status status="PASS" starttime="20230125 16:04:21.089" endtime="20230125 16:05:26.003"/>
</suite>
<statistics>
<total>
<stat pass="2" fail="0" skip="0">All Tests</stat>
</total>
<tag>
</tag>
<suite>
<stat pass="2" fail="0" skip="0" id="s1" name="Add Employee Test">Add Employee Test</stat>
</suite>
</statistics>
<errors>
<msg timestamp="20230125 16:04:50.699" level="WARN">Multiple tests with name 'TC1' executed in suite 'Add Employee Test'.</msg>
</errors>
</robot>
